C51 COMPILER V9.57.0.0   DELAY                                                             09/05/2021 20:48:00 PAGE 1   


C51 COMPILER V9.57.0.0, COMPILATION OF MODULE DELAY
OBJECT MODULE PLACED IN .\Objects\Delay.obj
COMPILER INVOKED BY: E:\C51\C51\BIN\C51.EXE Delay.c OPTIMIZE(8,SPEED) BROWSE DEBUG OBJECTEXTEND PRINT(.\Listings\Delay.l
                    -st) TABS(2) OBJECT(.\Objects\Delay.obj)

line level    source

   1          void Delay(unsigned int xms)  
   2          {
   3   1        unsigned char i, j;
   4   1        
   5   1        while(xms--)
   6   1      {
   7   2      i = 2;
   8   2        j = 239;
   9   2        do
  10   2        {
  11   3          while (--j);
  12   3        } while (--i);
  13   2      
  14   2      }
  15   1      
  16   1      }


MODULE INFORMATION:   STATIC OVERLAYABLE
   CODE SIZE        =     21    ----
   CONSTANT SIZE    =   ----    ----
   XDATA SIZE       =   ----    ----
   PDATA SIZE       =   ----    ----
   DATA SIZE        =   ----    ----
   IDATA SIZE       =   ----    ----
   BIT SIZE         =   ----    ----
END OF MODULE INFORMATION.


C51 COMPILATION COMPLETE.  0 WARNING(S),  0 ERROR(S)
