C51 COMPILER V9.57.0.0   MAIN                                                              09/05/2021 21:02:04 PAGE 1   


C51 COMPILER V9.57.0.0, COMPILATION OF MODULE MAIN
OBJECT MODULE PLACED IN .\Objects\main.obj
COMPILER INVOKED BY: E:\C51\C51\BIN\C51.EXE main.c OPTIMIZE(8,SPEED) BROWSE DEBUG OBJECTEXTEND PRINT(.\Listings\main.lst
                    -) TABS(2) OBJECT(.\Objects\main.obj)

line level    source

   1          #include <REGX52.H>
   2          #include "Delay.h"
*** WARNING C315 IN LINE 1 OF Delay.h: unknown #directive 'ifndef_DELAY_H_'
*** WARNING C315 IN LINE 2 OF Delay.h: unknown #directive 'define_DELAY_H_'
*** WARNING C312 IN LINE 7 OF Delay.h: misplaced endif control
   3          #include " smg.h "
*** WARNING C315 IN LINE 1 OF smg.h: unknown #directive 'ifndef__SMG_H_'
*** WARNING C315 IN LINE 2 OF smg.h: unknown #directive 'define__SMG_H_'
*** WARNING C312 IN LINE 6 OF smg.h: misplaced endif control
   4          void main()
   5          {
   6   1         while(1)
   7   1         {  
   8   2           md(2,4);
   9   2         }
  10   1      
  11   1      }
  12          
  13          
  14          
  15          
  16          


MODULE INFORMATION:   STATIC OVERLAYABLE
   CODE SIZE        =     11    ----
   CONSTANT SIZE    =   ----    ----
   XDATA SIZE       =   ----    ----
   PDATA SIZE       =   ----    ----
   DATA SIZE        =   ----    ----
   IDATA SIZE       =   ----    ----
   BIT SIZE         =   ----    ----
END OF MODULE INFORMATION.


C51 COMPILATION COMPLETE.  6 WARNING(S),  0 ERROR(S)
