C51 COMPILER V9.57.0.0   SMG                                                               09/05/2021 21:01:12 PAGE 1   


C51 COMPILER V9.57.0.0, COMPILATION OF MODULE SMG
OBJECT MODULE PLACED IN .\Objects\smg.obj
COMPILER INVOKED BY: E:\C51\C51\BIN\C51.EXE smg.c OPTIMIZE(8,SPEED) BROWSE DEBUG OBJECTEXTEND PRINT(.\Listings\smg.lst) 
                    -TABS(2) OBJECT(.\Objects\smg.obj)

line level    source

   1          #include <REGX52.H>
   2          #include "Delay.h"
*** WARNING C315 IN LINE 1 OF Delay.h: unknown #directive 'ifndef_DELAY_H_'
*** WARNING C315 IN LINE 2 OF Delay.h: unknown #directive 'define_DELAY_H_'
*** WARNING C312 IN LINE 7 OF Delay.h: misplaced endif control
   3          unsigned char goushi[]={0x3f,0x06,0x5b,0x4f,0x66,0x6d,0x7d,0x07,0x7f};
   4          void md(unsigned char location,number)
   5          {
   6   1          switch(location)
   7   1          {
   8   2            case 1:P2_4=1;P2_3=1;P2_2=1;break;
   9   2            case 2:P2_4=1;P2_3=1;P2_2=0;break;
  10   2            case 3:P2_4=1;P2_3=0;P2_2=1;break;
  11   2            case 4:P2_4=1;P2_3=0;P2_2=0;break;
  12   2            case 5:P2_4=0;P2_3=1;P2_2=1;break;
  13   2            case 6:P2_4=0;P2_3=1;P2_2=0;break;
  14   2            case 7:P2_4=0;P2_3=0;P2_2=1;break;
  15   2            case 8:P2_4=0;P2_3=0;P2_2=0;break;
  16   2          }
  17   1            P0=goushi[number];
  18   1              Delay(1);//wen ding xain shi
  19   1            P0=0x00;//1111 1111
  20   1            
  21   1      }
  22          


MODULE INFORMATION:   STATIC OVERLAYABLE
   CODE SIZE        =    109    ----
   CONSTANT SIZE    =   ----    ----
   XDATA SIZE       =   ----    ----
   PDATA SIZE       =   ----    ----
   DATA SIZE        =      9    ----
   IDATA SIZE       =   ----    ----
   BIT SIZE         =   ----    ----
END OF MODULE INFORMATION.


C51 COMPILATION COMPLETE.  3 WARNING(S),  0 ERROR(S)
