C51 COMPILER V9.57.0.0   MIAN                                                              09/05/2021 12:31:21 PAGE 1   


C51 COMPILER V9.57.0.0, COMPILATION OF MODULE MIAN
OBJECT MODULE PLACED IN .\Objects\mian.obj
COMPILER INVOKED BY: E:\C51\C51\BIN\C51.EXE mian.c OPTIMIZE(8,SPEED) BROWSE DEBUG OBJECTEXTEND PRINT(.\Listings\mian.lst
                    -) TABS(2) OBJECT(.\Objects\mian.obj)

line level    source

   1          #include <REGX52.H>
   2          
   3          unsigned char goushi[]={0x3f,0x06,0x5b,0x4f,0x66,0x6d,0x7d,0x07,0x7f};
   4          
   5          void md(unsigned char location,number)
   6          {
   7   1          switch(location)
   8   1          {
   9   2            case 1:P2_4=1;P2_3=1;P2_2=1;break;
  10   2            case 2:P2_4=1;P2_3=1;P2_2=0;break;
  11   2            case 3:P2_4=1;P2_3=0;P2_2=1;break;
  12   2            case 4:P2_4=1;P2_3=0;P2_2=0;break;
  13   2            case 5:P2_4=0;P2_3=1;P2_2=1;break;
  14   2            case 6:P2_4=0;P2_3=1;P2_2=0;break;
  15   2            case 7:P2_4=0;P2_3=0;P2_2=1;break;
  16   2            case 8:P2_4=0;P2_3=0;P2_2=0;break;
  17   2          }
  18   1            P0=goushi[number];
  19   1          
  20   1      }
  21          
  22          
  23          void main()
  24          {
  25   1        
  26   1        md(8,4);
  27   1        while(1)
  28   1        {
  29   2        
  30   2        }
  31   1        
  32   1        
  33   1        
  34   1        
  35   1      }


MODULE INFORMATION:   STATIC OVERLAYABLE
   CODE SIZE        =    110    ----
   CONSTANT SIZE    =   ----    ----
   XDATA SIZE       =   ----    ----
   PDATA SIZE       =   ----    ----
   DATA SIZE        =      9    ----
   IDATA SIZE       =   ----    ----
   BIT SIZE         =   ----    ----
END OF MODULE INFORMATION.


C51 COMPILATION COMPLETE.  0 WARNING(S),  0 ERROR(S)
