C51 COMPILER V9.57.0.0   MIAN                                                              09/06/2021 16:44:27 PAGE 1   


C51 COMPILER V9.57.0.0, COMPILATION OF MODULE MIAN
OBJECT MODULE PLACED IN .\Objects\mian.obj
COMPILER INVOKED BY: E:\C51\C51\BIN\C51.EXE mian.c OPTIMIZE(8,SPEED) BROWSE DEBUG OBJECTEXTEND PRINT(.\Listings\mian.lst
                    -) TABS(2) OBJECT(.\Objects\mian.obj)

line level    source

   1          #include <REGX52.H>
   2          #include "LCD1602.h"
   3          #include "Delay.h"
*** WARNING C315 IN LINE 1 OF Delay.h: unknown #directive 'ifndef_DELAY_H_'
*** WARNING C315 IN LINE 2 OF Delay.h: unknown #directive 'define_DELAY_H_'
*** WARNING C312 IN LINE 7 OF Delay.h: misplaced endif control
   4          
   5          int result=0;
   6          
   7          void main()
   8          {
   9   1                LCD_Init();
  10   1               
  11   1          
  12   1            while(1)
  13   1           {
  14   2               result++;
  15   2               Delay(1000);   
  16   2               LCD_ShowNum(2,4,result,3);
  17   2             
  18   2           }
  19   1         
  20   1      }


MODULE INFORMATION:   STATIC OVERLAYABLE
   CODE SIZE        =     34    ----
   CONSTANT SIZE    =   ----    ----
   XDATA SIZE       =   ----    ----
   PDATA SIZE       =   ----    ----
   DATA SIZE        =      2    ----
   IDATA SIZE       =   ----    ----
   BIT SIZE         =   ----    ----
END OF MODULE INFORMATION.


C51 COMPILATION COMPLETE.  3 WARNING(S),  0 ERROR(S)
