C51 COMPILER V9.57.0.0   KEY                                                               01/24/2022 14:33:06 PAGE 1   


C51 COMPILER V9.57.0.0, COMPILATION OF MODULE KEY
OBJECT MODULE PLACED IN .\Objects\key.obj
COMPILER INVOKED BY: E:\C51\C51\BIN\C51.EXE key.c OPTIMIZE(8,SPEED) BROWSE DEBUG OBJECTEXTEND PRINT(.\Listings\key.lst) 
                    -OBJECT(.\Objects\key.obj)

line level    source

   1          #include <REGX52.H>
   2          #include  "Delay.h"
   3          
   4          /**
   5            * @brief 获取独立按键码
   6            * @param 无
   7            * @retval 按下按键的键码，范围：0~4，无按键按下时返回值为零
   8            *
   9            */
  10             
  11          unsigned char key()
  12          {
  13   1        unsigned char keynum=0;
  14   1              if(P3_1==0){Delay(20);while(P3_1==0);Delay(20);keynum=1;}
  15   1        if(P3_0==0){Delay(20);while(P3_0==0);Delay(20);keynum=2;}
  16   1        if(P3_2==0){Delay(20);while(P3_2==0);Delay(20);keynum=3;}
  17   1        if(P3_3==0){Delay(20);while(P3_3==0);Delay(20);keynum=4;}
  18   1       return keynum;
  19   1      }


MODULE INFORMATION:   STATIC OVERLAYABLE
   CODE SIZE        =     97    ----
   CONSTANT SIZE    =   ----    ----
   XDATA SIZE       =   ----    ----
   PDATA SIZE       =   ----    ----
   DATA SIZE        =   ----       1
   IDATA SIZE       =   ----    ----
   BIT SIZE         =   ----    ----
END OF MODULE INFORMATION.


C51 COMPILATION COMPLETE.  0 WARNING(S),  0 ERROR(S)
