C51 COMPILER V9.57.0.0   MAIN                                                              09/05/2021 13:17:19 PAGE 1   


C51 COMPILER V9.57.0.0, COMPILATION OF MODULE MAIN
OBJECT MODULE PLACED IN .\Objects\main.obj
COMPILER INVOKED BY: E:\C51\C51\BIN\C51.EXE main.c OPTIMIZE(8,SPEED) BROWSE DEBUG OBJECTEXTEND PRINT(.\Listings\main.lst
                    -) TABS(2) OBJECT(.\Objects\main.obj)

line level    source

   1          #include <REGX52.H>
   2          unsigned char goushi[]={0x3f,0x06,0x5b,0x4f,0x66,0x6d,0x7d,0x07,0x7f};
   3          void Delay(unsigned int xms)  
   4          {
   5   1        unsigned char i, j;
   6   1        
   7   1        while(xms--)
   8   1      {
   9   2      i = 2;
  10   2        j = 239;
  11   2        do
  12   2        {
  13   3          while (--j);
  14   3        } while (--i);
  15   2      
  16   2      }
  17   1      
  18   1      }
  19          
  20          
  21          void md(unsigned char location,number)
  22          {
  23   1          switch(location)
  24   1          {
  25   2            case 1:P2_4=1;P2_3=1;P2_2=1;break;
  26   2            case 2:P2_4=1;P2_3=1;P2_2=0;break;
  27   2            case 3:P2_4=1;P2_3=0;P2_2=1;break;
  28   2            case 4:P2_4=1;P2_3=0;P2_2=0;break;
  29   2            case 5:P2_4=0;P2_3=1;P2_2=1;break;
  30   2            case 6:P2_4=0;P2_3=1;P2_2=0;break;
  31   2            case 7:P2_4=0;P2_3=0;P2_2=1;break;
  32   2            case 8:P2_4=0;P2_3=0;P2_2=0;break;
  33   2          }
  34   1            P0=goushi[number];
  35   1              Delay(1);//wen ding xain shi
  36   1            P0=0x00;//1111 1111
  37   1            
  38   1      }
  39          
  40          void main()
  41          {
  42   1        
  43   1      
  44   1       while(1)
  45   1       {
  46   2         
  47   2         
  48   2         md(1,1);
  49   2           //Delay(10);
  50   2         md(2,2);
  51   2           //Delay(10);
  52   2         md(3,3);
  53   2           //Delay(200);
  54   2         md(4,0);
C51 COMPILER V9.57.0.0   MAIN                                                              09/05/2021 13:17:19 PAGE 2   

  55   2           //Delay(200);
  56   2         md(5,6);
  57   2           //Delay(200);
  58   2         md(6,5);
  59   2           //Delay(200);
  60   2         md(7,5);
  61   2           //Delay(200);
  62   2         md(8,5);
  63   2           //Delay(200);
  64   2         
  65   2       }
  66   1      
  67   1      
  68   1      
  69   1      }


MODULE INFORMATION:   STATIC OVERLAYABLE
   CODE SIZE        =    199    ----
   CONSTANT SIZE    =   ----    ----
   XDATA SIZE       =   ----    ----
   PDATA SIZE       =   ----    ----
   DATA SIZE        =      9    ----
   IDATA SIZE       =   ----    ----
   BIT SIZE         =   ----    ----
END OF MODULE INFORMATION.


C51 COMPILATION COMPLETE.  0 WARNING(S),  0 ERROR(S)
