C51 COMPILER V9.57.0.0   MIAN                                                              02/20/2022 15:45:35 PAGE 1   


C51 COMPILER V9.57.0.0, COMPILATION OF MODULE MIAN
OBJECT MODULE PLACED IN .\Objects\mian.obj
COMPILER INVOKED BY: E:\C51\C51\BIN\C51.EXE mian.c OPTIMIZE(8,SPEED) BROWSE DEBUG OBJECTEXTEND PRINT(.\Listings\mian.lst
                    -) OBJECT(.\Objects\mian.obj)

line level    source

   1          #include <REGX52.H>
   2          
   3          
   4          
   5          
   6          
   7          
   8          sbit LED=P2^0;
   9          
  10          unsigned char Counter,Compare;
  11          //unsigned char 
  12          
  13          void mian()
  14          {
  15   1              
  16   1              Timer0_Init();
*** WARNING C206 IN LINE 16 OF mian.c: 'Timer0_Init': missing function-prototype
  17   1              Compare=5;
  18   1              while(1)
  19   1              {
  20   2      
  21   2      
  22   2      
  23   2      
  24   2              }
  25   1      
  26   1      }
  27          
  28          void Timer0_Routine() interrupt 1
  29          {  
  30   1              TL0=0x9c;
  31   1              TH0=0xFF;
  32   1              Counter++;
  33   1              Counter=%100;
*** ERROR C141 IN LINE 33 OF mian.c: syntax error near '%'
  34   1              if(Counter<Compare)
  35   1              {
  36   2                  LED=0;
  37   2                      
  38   2                      
  39   2              }
  40   1      }
  41          

C51 COMPILATION COMPLETE.  1 WARNING(S),  1 ERROR(S)
