C51 COMPILER V9.57.0.0   MIAN                                                              11/28/2021 13:49:18 PAGE 1   


C51 COMPILER V9.57.0.0, COMPILATION OF MODULE MIAN
OBJECT MODULE PLACED IN .\Objects\mian.obj
COMPILER INVOKED BY: E:\C51\C51\BIN\C51.EXE mian.c OPTIMIZE(8,SPEED) BROWSE DEBUG OBJECTEXTEND PRINT(.\Listings\mian.lst
                    -) OBJECT(.\Objects\mian.obj)

line level    source

   1          #include <REGX52.H>
   2          void Delay1ms(unsigned int xms)         //@12.000MHz
   3          {
   4   1              unsigned char i, j;
   5   1      while(xms)
   6   1              {
   7   2                      i = 12;
   8   2              j = 169;
   9   2              do
  10   2              {
  11   3                      while (--j);
  12   3              } while (--i);
  13   2        xms--;
  14   2              }
  15   1           
  16   1      }
  17                          
  18                  
  19          void mian()
  20          {
  21   1              while(1)
  22   1              {
  23   2              P2=0xFE;//1111 1110
  24   2              Delay1ms(250);
  25   2              P2=0xFF;//1111 1111
  26   2              Delay1ms(250);
  27   2              }
  28   1              
  29   1      
  30   1      }


MODULE INFORMATION:   STATIC OVERLAYABLE
   CODE SIZE        =     42    ----
   CONSTANT SIZE    =   ----    ----
   XDATA SIZE       =   ----    ----
   PDATA SIZE       =   ----    ----
   DATA SIZE        =   ----    ----
   IDATA SIZE       =   ----    ----
   BIT SIZE         =   ----    ----
END OF MODULE INFORMATION.


C51 COMPILATION COMPLETE.  0 WARNING(S),  0 ERROR(S)
