C51 COMPILER V9.57.0.0   MAIN                                                              09/07/2021 12:06:47 PAGE 1   


C51 COMPILER V9.57.0.0, COMPILATION OF MODULE MAIN
OBJECT MODULE PLACED IN .\Objects\main.obj
COMPILER INVOKED BY: E:\C51\C51\BIN\C51.EXE main.c OPTIMIZE(8,SPEED) BROWSE DEBUG OBJECTEXTEND PRINT(.\Listings\main.lst
                    -) TABS(2) OBJECT(.\Objects\main.obj)

line level    source

   1          #include <REGX52.H>
   2          #include "LCD1602.h"
   3          #include "Delay.h"
*** WARNING C315 IN LINE 1 OF Delay.h: unknown #directive 'ifndef_DELAY_H_'
*** WARNING C315 IN LINE 2 OF Delay.h: unknown #directive 'define_DELAY_H_'
*** WARNING C312 IN LINE 7 OF Delay.h: misplaced endif control
   4          #include "Matrixkey.h"
*** WARNING C315 IN LINE 1 OF Matrixkey.h: unknown #directive 'ifndef_MATRIXKEY_H_'
*** WARNING C315 IN LINE 2 OF Matrixkey.h: unknown #directive 'define_MATRIXKEY_H_'
*** WARNING C312 IN LINE 6 OF Matrixkey.h: misplaced endif control
   5          
   6          
   7          unsigned char keynum=0;
   8          unsigned int password,count;
   9          
  10          void main()
  11          {
  12   1               LCD_Init();
  13   1               LCD_ShowString(1,1,"password:");
  14   1        
  15   1        
  16   1            while(1)
  17   1            {
  18   2               keynum= Matrixkey();
  19   2              if(keynum)
  20   2              {
  21   3                  if(keynum<=10)
  22   3                  {      
  23   4                          if(count<4)
  24   4                          {
  25   5                          
  26   5                          password*=10;
  27   5                          password+=keynum%10;
  28   5                          count++;
  29   5                      
  30   5                          }                     
  31   4                         LCD_ShowNum(2,1,password,4);
  32   4                        
  33   4                  }
  34   3                  if(keynum==11)   //如果按下S11键，表确认
  35   3                  {
  36   4                           if(password==4399)
  37   4                            {
  38   5                                LCD_ShowString(1,14,"YES");
  39   5                                password=0;
  40   5                                count=0;                        
  41   5                                
  42   5                              LCD_ShowNum(2,1,password,4);
  43   5                            }
  44   4                           else
  45   4                            {
  46   5                              LCD_ShowString(1,14,"NO "); 
  47   5                                password=0;
  48   5                                count=0;
C51 COMPILER V9.57.0.0   MAIN                                                              09/07/2021 12:06:47 PAGE 2   

  49   5                              LCD_ShowNum(2,1,password,4);
  50   5                            } 
  51   4                  }
  52   3                  if(keynum==12)  //按下s12键表取消
  53   3                  {
  54   4                  
  55   4                         
  56   4                                password=0;
  57   4                                count=0;
  58   4                                LCD_ShowNum(2,1,password,4);
  59   4                  }
  60   3                  
  61   3                  
  62   3                  
  63   3                  
  64   3                  
  65   3                  
  66   3                  
  67   3                  
  68   3              }
  69   2              
  70   2               
  71   2                        
  72   2                 
  73   2                  
  74   2              
  75   2              
  76   2                  
  77   2            } 
  78   1      
  79   1      
  80   1      
  81   1      
  82   1      
  83   1      }
  84          
  85          


MODULE INFORMATION:   STATIC OVERLAYABLE
   CODE SIZE        =    189    ----
   CONSTANT SIZE    =     18    ----
   XDATA SIZE       =   ----    ----
   PDATA SIZE       =   ----    ----
   DATA SIZE        =      5    ----
   IDATA SIZE       =   ----    ----
   BIT SIZE         =   ----    ----
END OF MODULE INFORMATION.


C51 COMPILATION COMPLETE.  6 WARNING(S),  0 ERROR(S)
