C51 COMPILER V9.57.0.0   MAIN                                                              09/04/2021 19:47:16 PAGE 1   


C51 COMPILER V9.57.0.0, COMPILATION OF MODULE MAIN
OBJECT MODULE PLACED IN .\Objects\main.obj
COMPILER INVOKED BY: E:\C51\C51\BIN\C51.EXE main.c OPTIMIZE(8,SPEED) BROWSE DEBUG OBJECTEXTEND PRINT(.\Listings\main.lst
                    -) TABS(2) OBJECT(.\Objects\main.obj)

line level    source

   1          #include <REGX52.H>
   2          void Delay(unsigned int xms)    //@12.000MHz
   3          {
   4   1        unsigned char i, j;
   5   1        while(xms)
   6   1        {
   7   2          i = 2;
   8   2          j = 239;
   9   2          do
  10   2          {
  11   3          while (--j);
  12   3          } while (--i);
  13   2        xms--;
  14   2        } 
  15   1      }
  16            
  17          unsigned   char num=0;
  18          void main()
  19          {
  20   1        P2=0x01;
  21   1         while(1)
  22   1         {
  23   2              if(P3_1==0)
  24   2              {
  25   3                Delay(20);
  26   3               while(P3_1==0);
  27   3                Delay(20);
  28   3                  num++;
  29   3                  if(num>=8)
  30   3                     num=0;
  31   3                P2=0x01<<num;
  32   3                
  33   3              } 
  34   2              if(P3_0==0)
  35   2              {
  36   3                Delay(20);
  37   3                while(P3_0==0); 
  38   3                Delay(20 );         
  39   3              if(num==0)
  40   3                num=7;
  41   3              else num--;
  42   3                P2=0x01<<num;
  43   3                
  44   3                
  45   3                
  46   3                
  47   3                
  48   3              }
  49   2         
  50   2         
  51   2         
  52   2         
  53   2         
  54   2         
C51 COMPILER V9.57.0.0   MAIN                                                              09/04/2021 19:47:16 PAGE 2   

  55   2         }
  56   1      
  57   1      
  58   1      
  59   1      
  60   1      
  61   1      } 
  62            
  63          


MODULE INFORMATION:   STATIC OVERLAYABLE
   CODE SIZE        =    106    ----
   CONSTANT SIZE    =   ----    ----
   XDATA SIZE       =   ----    ----
   PDATA SIZE       =   ----    ----
   DATA SIZE        =      1    ----
   IDATA SIZE       =   ----    ----
   BIT SIZE         =   ----    ----
END OF MODULE INFORMATION.


C51 COMPILATION COMPLETE.  0 WARNING(S),  0 ERROR(S)
